<?xml version="1.0" encoding="UTF-8"?>
<!-- Generated by org.testng.reporters.JUnitReportReporter -->
<testsuite hostname="Ankitas-MacBook-Air.local" failures="0" tests="2" name="testCases.TC05_AddToWishlist" time="6.010" errors="0" timestamp="2025-07-31T15:52:25 PDT" skipped="0">
  <testcase classname="testCases.TC05_AddToWishlist" name="testAddToWishList" time="2.556"/>
  <testcase classname="testCases.TC05_AddToWishlist" name="testAddToWishList" time="3.454"/>
</testsuite> <!-- testCases.TC05_AddToWishlist -->
