<?xml version="1.0" encoding="UTF-8"?>
<!-- Generated by org.testng.reporters.JUnitReportReporter -->
<testsuite hostname="Ankitas-MacBook-Air.local" failures="0" tests="2" name="testCases.TC01_LaunchApplication" time="0.093" errors="0" timestamp="2025-07-31T15:52:25 PDT" skipped="0">
  <testcase classname="testCases.TC01_LaunchApplication" name="launchApp" time="0.040"/>
  <testcase classname="testCases.TC01_LaunchApplication" name="launchApp" time="0.053"/>
</testsuite> <!-- testCases.TC01_LaunchApplication -->
