<?xml version="1.0" encoding="UTF-8"?>
<!-- Generated by org.testng.reporters.JUnitReportReporter -->
<testsuite hostname="Ankitas-MacBook-Air.local" failures="0" tests="2" name="testCases.TC03_AddToCart" time="6.370" errors="0" timestamp="2025-07-31T15:52:25 PDT" skipped="0">
  <testcase classname="testCases.TC03_AddToCart" name="testAddToCart" time="2.420"/>
  <testcase classname="testCases.TC03_AddToCart" name="testAddToCart" time="3.950"/>
</testsuite> <!-- testCases.TC03_AddToCart -->
