<?xml version="1.0" encoding="UTF-8"?>
<!-- Generated by org.testng.reporters.JUnitReportReporter -->
<testsuite hostname="Ankitas-MacBook-Air.local" failures="0" tests="2" name="testCases.TC06_Affiliate" time="7.963" errors="0" timestamp="2025-07-31T15:52:25 PDT" skipped="0">
  <testcase classname="testCases.TC06_Affiliate" name="testAffiliate" time="3.782"/>
  <testcase classname="testCases.TC06_Affiliate" name="testAffiliate" time="4.181"/>
</testsuite> <!-- testCases.TC06_Affiliate -->
