<?xml version="1.0" encoding="UTF-8"?>
<!-- Generated by org.testng.reporters.JUnitReportReporter -->
<testsuite hostname="Ankitas-MacBook-Air.local" failures="0" tests="2" name="testCases.TC03_AddToCart" time="5.215" errors="0" timestamp="2025-08-01T12:04:06 PDT" skipped="0">
  <testcase classname="testCases.TC03_AddToCart" name="testAddToCart" time="2.389"/>
  <testcase classname="testCases.TC03_AddToCart" name="testAddToCart" time="2.826"/>
</testsuite> <!-- testCases.TC03_AddToCart -->
