<?xml version="1.0" encoding="UTF-8"?>
<!-- Generated by org.testng.reporters.JUnitReportReporter -->
<testsuite hostname="Ankitas-MacBook-Air.local" failures="0" tests="10" name="testCases.TC02_Login" time="7.952" errors="0" timestamp="2025-08-01T12:04:06 PDT" skipped="0">
  <testcase classname="testCases.TC02_Login" name="testLogin" time="0.675"/>
  <testcase classname="testCases.TC02_Login" name="testLogin" time="0.785"/>
  <testcase classname="testCases.TC02_Login" name="testLogin" time="0.709"/>
  <testcase classname="testCases.TC02_Login" name="testLogin" time="0.757"/>
  <testcase classname="testCases.TC02_Login" name="testLogin" time="0.649"/>
  <testcase classname="testCases.TC02_Login" name="testLogin" time="0.663"/>
  <testcase classname="testCases.TC02_Login" name="testLogin" time="1.190"/>
  <testcase classname="testCases.TC02_Login" name="testLogin" time="0.898"/>
  <testcase classname="testCases.TC02_Login" name="testLogin" time="0.662"/>
  <testcase classname="testCases.TC02_Login" name="testLogin" time="0.964"/>
</testsuite> <!-- testCases.TC02_Login -->
