<?xml version="1.0" encoding="UTF-8"?>
<!-- Generated by org.testng.reporters.JUnitReportReporter -->
<testsuite hostname="Ankitas-MacBook-Air.local" failures="0" tests="2" name="testCases.TC05_AddToWishlist" time="5.409" errors="0" timestamp="2025-08-01T12:04:06 PDT" skipped="0">
  <testcase classname="testCases.TC05_AddToWishlist" name="testAddToWishList" time="3.001"/>
  <testcase classname="testCases.TC05_AddToWishlist" name="testAddToWishList" time="2.408"/>
</testsuite> <!-- testCases.TC05_AddToWishlist -->
