<?xml version="1.0" encoding="UTF-8"?>
<!-- Generated by org.testng.reporters.JUnitReportReporter -->
<testsuite hostname="Ankitas-MacBook-Air.local" failures="0" tests="2" name="testCases.TC04_CompleteCheckOut" time="12.072" errors="0" timestamp="2025-08-01T12:04:06 PDT" skipped="0">
  <testcase classname="testCases.TC04_CompleteCheckOut" name="testCheckOut" time="6.530"/>
  <testcase classname="testCases.TC04_CompleteCheckOut" name="testCheckOut" time="5.542"/>
</testsuite> <!-- testCases.TC04_CompleteCheckOut -->
