<?xml version="1.0" encoding="UTF-8"?>
<!-- Generated by org.testng.reporters.JUnitReportReporter -->
<testsuite hostname="Ankitas-MacBook-Air.local" failures="0" tests="2" name="testCases.TC06_Affiliate" time="6.561" errors="0" timestamp="2025-08-01T12:04:06 PDT" skipped="0">
  <testcase classname="testCases.TC06_Affiliate" name="testAffiliate" time="3.056"/>
  <testcase classname="testCases.TC06_Affiliate" name="testAffiliate" time="3.505"/>
</testsuite> <!-- testCases.TC06_Affiliate -->
